41
6
0.9331630463951697,0.5185064583070351,0.4319929299243037,0.8934691212156237
0.11734980193597477,0.8538475679065614,0.6720444649845367,0.5689060475626624
0.9449565466741106,0.4864301971985775,0.100238295687888,0.7697658904369523
0.48710540127809676,0.26308994267347807,0.9896253858116129,0.8311125983577289
0.6326587259221026,0.4717361085119831,0.5025981150484964,0.2087889288964112
0.35680035718374226,0.1636226145668651,0.3490826158749466,0.7181723369294306
0.9442854783610805,0.39432312754505094,0.062412219577274386,0.38105159651236586
0.6275320509193962,0.0919956367697784,0.08707140513381106,0.14141482552958728
0.7619385866359566,0.889107158921304,0.22112424304872147,0.3819349157558518
0.19492573853157014,0.3539954428645893,0.7902737986690888,0.8932055261622185
0.17122562607545422,0.45328750210236,0.685237552663703,0.3433093258744332
0.24153327232607014,0.9314062976941271,0.45644089276975175,0.14968431455485054
0.8869004216793848,0.7054511138529228,0.16980978113974787,0.8400375080191768
0.8927490847570384,0.7123141896665708,0.0553336268247675,0.6701931141081305
0.565559750538632,0.5847326670065455,0.734553970122166,0.20101421266362296
0.9459607614166823,0.6270103680176354,0.9999932430558638,0.5746230187469077
0.42085464521381466,0.3096818977377308,0.5514422932791601,0.1981339440901304
0.29436721585929504,0.4479628698457645,0.820948034817484,0.30978989267212387
0.5839010043233466,0.7755491841167428,0.7014478727653572,0.5166594429407534
0.5231843523194086,0.6601532823050053,0.7782024493935491,0.30752196823786215
0.33091431088052004,0.4680445521608554,0.6243606801520237,0.04666223463523089
0.17645260208449542,0.6287507747085003,0.660568868817729,0.059970582516520654
0.23100926998195181,0.41354137866401974,0.02330854772811397,0.3653787952384331
0.48169972357038593,0.6057831809979327,0.09401431427615137,0.522846360936787
0.5985878959698205,0.7567255617308655,0.7112588344951226,0.8497640435871204
0.34381431870011947,0.5835362150051414,0.8175600266945618,0.906204072835743
0.4608127157723926,0.7553250669371196,0.5661683178259944,0.46727179942321795
0.21550113373074953,0.5067643962323753,0.3477880336915118,0.8185392404893932
0.38829942166083764,0.5965735583411212,0.218532610791901,0.21674569046373449
0.2787945449263729,0.36489656082509414,0.5264393333684289,0.148912817949172
0.3596611482507819,0.7369017180622583,0.7925485189983491,0.7518080733813937
0.9529388922889551,0.11785212931434119,0.2397182233630899,0.052930981097124796
0.35837408025212336,0.8264568391328394,0.1928966861802971,0.8915102781488113
0.17038366544052863,0.028084966539919654,0.44329410345873055,0.021211973765646874
0.885960622898695,0.21605756324491632,0.6676374047675845,0.12886639105506548
0.1833887704207967,0.8935904530581154,0.20569497725581454,0.4039241461041829
0.23442886216648773,0.09276492847388851,0.6685408704893723,0.29209101465655474
0.04964220377553319,0.6440077335883205,0.569153755030692,0.7478288158579744
0.9287105642552194,0.45237054704832824,0.02106973420125624,0.9996715590986783
0.06730353012289914,0.024700171799376336,0.49731306891756344,0.06711980602520551
0.29340203694233224,0.683190007549404,0.04082302427159279,0.6501620606317229
4
31
28
16
29
22
